{"numFailedTestSuites":1,"numFailedTests":6,"numPassedTestSuites":18,"numPassedTests":448,"numPendingTestSuites":0,"numPendingTests":6,"numRuntimeErrorTestSuites":0,"numTodoTests":0,"numTotalTestSuites":19,"numTotalTests":460,"openHandles":[],"snapshot":{"added":0,"didUpdate":false,"failure":false,"filesAdded":0,"filesRemoved":0,"filesRemovedList":[],"filesUnmatched":0,"filesUpdated":0,"matched":0,"total":0,"unchecked":0,"uncheckedKeysByFile":[],"unmatched":0,"updated":0},"startTime":1764391022998,"success":false,"testResults":[{"assertionResults":[{"ancestorTitles":["Notification Service Logic - Failure Scenarios","sendNotificationToUser Error Cleanup"],"duration":8,"failing":false,"failureDetails":[],"failureMessages":[],"fullName":"Notification Service Logic - Failure Scenarios sendNotificationToUser Error Cleanup should handle \"messaging/invalid-registration-token\" error and call removeInvalidToken","invocations":1,"location":null,"numPassingAsserts":2,"retryReasons":[],"startAt":1764391026236,"status":"passed","title":"should handle \"messaging/invalid-registration-token\" error and call removeInvalidToken"},{"ancestorTitles":["Notification Service Logic - Failure Scenarios","sendNotificationToUser Error Cleanup"],"duration":2,"failing":false,"failureDetails":[],"failureMessages":[],"fullName":"Notification Service Logic - Failure Scenarios sendNotificationToUser Error Cleanup should handle \"messaging/registration-token-not-registered\" error (errorInfo code) and call removeInvalidToken","invocations":1,"location":null,"numPassingAsserts":2,"retryReasons":[],"startAt":1764391026244,"status":"passed","title":"should handle \"messaging/registration-token-not-registered\" error (errorInfo code) and call removeInvalidToken"},{"ancestorTitles":["Notification Service Logic - Failure Scenarios","sendNotificationToUser Error Cleanup"],"duration":7,"failing":false,"failureDetails":[],"failureMessages":[],"fullName":"Notification Service Logic - Failure Scenarios sendNotificationToUser Error Cleanup should handle a general FCM push failure (non-token error) and re-throw without cleaning token","invocations":1,"location":null,"numPassingAsserts":2,"retryReasons":[],"startAt":1764391026246,"status":"passed","title":"should handle a general FCM push failure (non-token error) and re-throw without cleaning token"},{"ancestorTitles":["Notification Service Logic - Failure Scenarios","sendNotificationToUsers Error Handling"],"duration":3,"failing":false,"failureDetails":[],"failureMessages":[],"fullName":"Notification Service Logic - Failure Scenarios sendNotificationToUsers Error Handling should throw and re-throw an error if the DB query for multiple users fails","invocations":1,"location":null,"numPassingAsserts":1,"retryReasons":[],"startAt":1764391026253,"status":"passed","title":"should throw and re-throw an error if the DB query for multiple users fails"},{"ancestorTitles":["Notification Service Helper Wrappers - Success Paths"],"duration":3,"failing":false,"failureDetails":[{}],"failureMessages":["TypeError: Cannot read properties of undefined (reading 'map')\n    at sendNotificationToUsers (/Users/hashim/Desktop/Development/FeastFriends/321-project/backend/src/services/notificationService.ts:75:8)\n    at Object.notifyRoomMembers (/Users/hashim/Desktop/Development/FeastFriends/321-project/backend/src/services/notificationService.ts:98:3)\n    at Object.<anonymous> (/Users/hashim/Desktop/Development/FeastFriends/321-project/backend/tests/with-mocks/notification.mock.test.ts:111:5)"],"fullName":"Notification Service Helper Wrappers - Success Paths notifyRoomMembers should delegate to sendNotificationToUsers with same memberIds and payload","invocations":1,"location":null,"numPassingAsserts":0,"retryReasons":[],"startAt":1764391026256,"status":"failed","title":"notifyRoomMembers should delegate to sendNotificationToUsers with same memberIds and payload"},{"ancestorTitles":["Notification Service Helper Wrappers - Success Paths"],"duration":1,"failing":false,"failureDetails":[{}],"failureMessages":["TypeError: Cannot read properties of undefined (reading 'map')\n    at sendNotificationToUsers (/Users/hashim/Desktop/Development/FeastFriends/321-project/backend/src/services/notificationService.ts:75:8)\n    at Object.notifyGroupMembers (/Users/hashim/Desktop/Development/FeastFriends/321-project/backend/src/services/notificationService.ts:108:3)\n    at Object.<anonymous> (/Users/hashim/Desktop/Development/FeastFriends/321-project/backend/tests/with-mocks/notification.mock.test.ts:123:5)"],"fullName":"Notification Service Helper Wrappers - Success Paths notifyGroupMembers should delegate to sendNotificationToUsers with same memberIds and payload","invocations":1,"location":null,"numPassingAsserts":0,"retryReasons":[],"startAt":1764391026259,"status":"failed","title":"notifyGroupMembers should delegate to sendNotificationToUsers with same memberIds and payload"},{"ancestorTitles":["Notification Service Helper Wrappers - Success Paths"],"duration":1,"failing":false,"failureDetails":[{}],"failureMessages":["Error: User not found: user-1\n    at sendNotificationToUser (/Users/hashim/Desktop/Development/FeastFriends/321-project/backend/src/services/notificationService.ts:37:13)\n    at Object.notifyRoomExpired (/Users/hashim/Desktop/Development/FeastFriends/321-project/backend/src/services/notificationService.ts:148:3)\n    at Object.<anonymous> (/Users/hashim/Desktop/Development/FeastFriends/321-project/backend/tests/with-mocks/notification.mock.test.ts:134:5)"],"fullName":"Notification Service Helper Wrappers - Success Paths notifyRoomExpired should build the correct payload and call sendNotificationToUser","invocations":1,"location":null,"numPassingAsserts":0,"retryReasons":[],"startAt":1764391026260,"status":"failed","title":"notifyRoomExpired should build the correct payload and call sendNotificationToUser"},{"ancestorTitles":["Notification Service Helper Wrappers - Success Paths"],"duration":1,"failing":false,"failureDetails":[{}],"failureMessages":["Error: User not found: user-1\n    at sendNotificationToUser (/Users/hashim/Desktop/Development/FeastFriends/321-project/backend/src/services/notificationService.ts:37:13)\n    at Object.notifyUserJoinedRoom (/Users/hashim/Desktop/Development/FeastFriends/321-project/backend/src/services/notificationService.ts:189:3)\n    at Object.<anonymous> (/Users/hashim/Desktop/Development/FeastFriends/321-project/backend/tests/with-mocks/notification.mock.test.ts:152:5)"],"fullName":"Notification Service Helper Wrappers - Success Paths notifyUserJoinedRoom should build the correct payload and call sendNotificationToUser","invocations":1,"location":null,"numPassingAsserts":0,"retryReasons":[],"startAt":1764391026262,"status":"failed","title":"notifyUserJoinedRoom should build the correct payload and call sendNotificationToUser"},{"ancestorTitles":["Notification Service Helper Wrappers - Success Paths"],"duration":1,"failing":false,"failureDetails":[{}],"failureMessages":["Error: User not found: user-1\n    at sendNotificationToUser (/Users/hashim/Desktop/Development/FeastFriends/321-project/backend/src/services/notificationService.ts:37:13)\n    at Object.notifyGroupExpired (/Users/hashim/Desktop/Development/FeastFriends/321-project/backend/src/services/notificationService.ts:208:3)\n    at Object.<anonymous> (/Users/hashim/Desktop/Development/FeastFriends/321-project/backend/tests/with-mocks/notification.mock.test.ts:170:5)"],"fullName":"Notification Service Helper Wrappers - Success Paths notifyGroupExpired should build the correct payload and call sendNotificationToUser","invocations":1,"location":null,"numPassingAsserts":0,"retryReasons":[],"startAt":1764391026263,"status":"failed","title":"notifyGroupExpired should build the correct payload and call sendNotificationToUser"},{"ancestorTitles":["Notification Service Helper Wrappers - Success Paths"],"duration":1,"failing":false,"failureDetails":[{}],"failureMessages":["TypeError: Cannot read properties of undefined (reading 'map')\n    at sendNotificationToUsers (/Users/hashim/Desktop/Development/FeastFriends/321-project/backend/src/services/notificationService.ts:75:8)\n    at Object.notifyVotingTimeExpired (/Users/hashim/Desktop/Development/FeastFriends/321-project/backend/src/services/notificationService.ts:229:3)\n    at Object.<anonymous> (/Users/hashim/Desktop/Development/FeastFriends/321-project/backend/tests/with-mocks/notification.mock.test.ts:188:5)"],"fullName":"Notification Service Helper Wrappers - Success Paths notifyVotingTimeExpired should build the correct payload and call sendNotificationToUsers","invocations":1,"location":null,"numPassingAsserts":0,"retryReasons":[],"startAt":1764391026264,"status":"failed","title":"notifyVotingTimeExpired should build the correct payload and call sendNotificationToUsers"},{"ancestorTitles":["Notification API Endpoints - With Mocking (500 Failures)","POST /register-token Failure"],"duration":20,"failing":false,"failureDetails":[],"failureMessages":[],"fullName":"Notification API Endpoints - With Mocking (500 Failures) POST /register-token Failure should return 500 if tokenManager.updateUserToken fails","invocations":1,"location":null,"numPassingAsserts":4,"retryReasons":[],"startAt":1764391026266,"status":"passed","title":"should return 500 if tokenManager.updateUserToken fails"},{"ancestorTitles":["Notification API Endpoints - With Mocking (500 Failures)","POST /unregister-token Failure"],"duration":3,"failing":false,"failureDetails":[],"failureMessages":[],"fullName":"Notification API Endpoints - With Mocking (500 Failures) POST /unregister-token Failure should return 500 if tokenManager.clearUserToken fails","invocations":1,"location":null,"numPassingAsserts":4,"retryReasons":[],"startAt":1764391026286,"status":"passed","title":"should return 500 if tokenManager.clearUserToken fails"},{"ancestorTitles":["Notification API Endpoints - With Mocking (500 Failures)","POST /test Failure"],"duration":4,"failing":false,"failureDetails":[],"failureMessages":[],"fullName":"Notification API Endpoints - With Mocking (500 Failures) POST /test Failure should return 500 if notificationService.sendNotificationToUser fails","invocations":1,"location":null,"numPassingAsserts":4,"retryReasons":[],"startAt":1764391026289,"status":"passed","title":"should return 500 if notificationService.sendNotificationToUser fails"}],"endTime":1764391026300,"message":"  ● Notification Service Helper Wrappers - Success Paths › notifyRoomMembers should delegate to sendNotificationToUsers with same memberIds and payload\n\n    TypeError: Cannot read properties of undefined (reading 'map')\n\n      73 |     \n      74 |     const tokens = users\n    > 75 |       .map(user => user.fcmToken)\n         |        ^\n      76 |       .filter((token): token is string => token != null);\n      77 |\n      78 |     if (tokens.length === 0) {\n\n      at sendNotificationToUsers (src/services/notificationService.ts:75:8)\n      at Object.notifyRoomMembers (src/services/notificationService.ts:98:3)\n      at Object.<anonymous> (tests/with-mocks/notification.mock.test.ts:111:5)\n\n  ● Notification Service Helper Wrappers - Success Paths › notifyGroupMembers should delegate to sendNotificationToUsers with same memberIds and payload\n\n    TypeError: Cannot read properties of undefined (reading 'map')\n\n      73 |     \n      74 |     const tokens = users\n    > 75 |       .map(user => user.fcmToken)\n         |        ^\n      76 |       .filter((token): token is string => token != null);\n      77 |\n      78 |     if (tokens.length === 0) {\n\n      at sendNotificationToUsers (src/services/notificationService.ts:75:8)\n      at Object.notifyGroupMembers (src/services/notificationService.ts:108:3)\n      at Object.<anonymous> (tests/with-mocks/notification.mock.test.ts:123:5)\n\n  ● Notification Service Helper Wrappers - Success Paths › notifyRoomExpired should build the correct payload and call sendNotificationToUser\n\n    User not found: user-1\n\n      35 |     \n      36 |     if (!user) {\n    > 37 |       throw new Error(`User not found: ${userId}`);\n         |             ^\n      38 |     }\n      39 |\n      40 |     if (!user.fcmToken) {\n\n      at sendNotificationToUser (src/services/notificationService.ts:37:13)\n      at Object.notifyRoomExpired (src/services/notificationService.ts:148:3)\n      at Object.<anonymous> (tests/with-mocks/notification.mock.test.ts:134:5)\n\n  ● Notification Service Helper Wrappers - Success Paths › notifyUserJoinedRoom should build the correct payload and call sendNotificationToUser\n\n    User not found: user-1\n\n      35 |     \n      36 |     if (!user) {\n    > 37 |       throw new Error(`User not found: ${userId}`);\n         |             ^\n      38 |     }\n      39 |\n      40 |     if (!user.fcmToken) {\n\n      at sendNotificationToUser (src/services/notificationService.ts:37:13)\n      at Object.notifyUserJoinedRoom (src/services/notificationService.ts:189:3)\n      at Object.<anonymous> (tests/with-mocks/notification.mock.test.ts:152:5)\n\n  ● Notification Service Helper Wrappers - Success Paths › notifyGroupExpired should build the correct payload and call sendNotificationToUser\n\n    User not found: user-1\n\n      35 |     \n      36 |     if (!user) {\n    > 37 |       throw new Error(`User not found: ${userId}`);\n         |             ^\n      38 |     }\n      39 |\n      40 |     if (!user.fcmToken) {\n\n      at sendNotificationToUser (src/services/notificationService.ts:37:13)\n      at Object.notifyGroupExpired (src/services/notificationService.ts:208:3)\n      at Object.<anonymous> (tests/with-mocks/notification.mock.test.ts:170:5)\n\n  ● Notification Service Helper Wrappers - Success Paths › notifyVotingTimeExpired should build the correct payload and call sendNotificationToUsers\n\n    TypeError: Cannot read properties of undefined (reading 'map')\n\n      73 |     \n      74 |     const tokens = users\n    > 75 |       .map(user => user.fcmToken)\n         |        ^\n      76 |       .filter((token): token is string => token != null);\n      77 |\n      78 |     if (tokens.length === 0) {\n\n      at sendNotificationToUsers (src/services/notificationService.ts:75:8)\n      at Object.notifyVotingTimeExpired (src/services/notificationService.ts:229:3)\n      at Object.<anonymous> (tests/with-mocks/notification.mock.test.ts:188:5)\n","name":"/Users/hashim/Desktop/Development/FeastFriends/321-project/backend/tests/with-mocks/notification.mock.test.ts","startTime":1764391023153,"status":"failed","summary":""},{"assertionResults":[{"ancestorTitles":["POST /api/auth/signup - Validation (No Mocking)"],"duration":11,"failing":false,"failureDetails":[],"failureMessages":[],"fullName":"POST /api/auth/signup - Validation (No Mocking) should return 400 when idToken is missing","invocations":1,"location":null,"numPassingAsserts":3,"retryReasons":[],"startAt":1764391027329,"status":"passed","title":"should return 400 when idToken is missing"},{"ancestorTitles":["POST /api/auth/signup - Validation (No Mocking)"],"duration":9,"failing":false,"failureDetails":[],"failureMessages":[],"fullName":"POST /api/auth/signup - Validation (No Mocking) should return 409 when user already exists","invocations":1,"location":null,"numPassingAsserts":3,"retryReasons":[],"startAt":1764391027341,"status":"passed","title":"should return 409 when user already exists"},{"ancestorTitles":["POST /api/auth/signup - Validation (No Mocking)"],"duration":3,"failing":false,"failureDetails":[],"failureMessages":[],"fullName":"POST /api/auth/signup - Validation (No Mocking) should return 500 when JWT_SECRET is missing","invocations":1,"location":null,"numPassingAsserts":3,"retryReasons":[],"startAt":1764391027350,"status":"passed","title":"should return 500 when JWT_SECRET is missing"},{"ancestorTitles":["POST /api/auth/signup - Validation (No Mocking)"],"duration":16,"failing":false,"failureDetails":[],"failureMessages":[],"fullName":"POST /api/auth/signup - Validation (No Mocking) should handle errors in catch block and call next(error)","invocations":1,"location":null,"numPassingAsserts":3,"retryReasons":[],"startAt":1764391027353,"status":"passed","title":"should handle errors in catch block and call next(error)"},{"ancestorTitles":["POST /api/auth/signup - Validation (No Mocking)"],"duration":18,"failing":false,"failureDetails":[],"failureMessages":[],"fullName":"POST /api/auth/signup - Validation (No Mocking) should successfully sign up new user and return JWT token","invocations":1,"location":null,"numPassingAsserts":6,"retryReasons":[],"startAt":1764391027369,"status":"passed","title":"should successfully sign up new user and return JWT token"},{"ancestorTitles":["POST /api/auth/signin - Validation (No Mocking)"],"duration":3,"failing":false,"failureDetails":[],"failureMessages":[],"fullName":"POST /api/auth/signin - Validation (No Mocking) should return 400 when idToken is missing in signin","invocations":1,"location":null,"numPassingAsserts":3,"retryReasons":[],"startAt":1764391027387,"status":"passed","title":"should return 400 when idToken is missing in signin"},{"ancestorTitles":["POST /api/auth/signin - Validation (No Mocking)"],"duration":3,"failing":false,"failureDetails":[],"failureMessages":[],"fullName":"POST /api/auth/signin - Validation (No Mocking) should return 404 when user not found","invocations":1,"location":null,"numPassingAsserts":3,"retryReasons":[],"startAt":1764391027390,"status":"passed","title":"should return 404 when user not found"},{"ancestorTitles":["POST /api/auth/signin - Validation (No Mocking)"],"duration":7,"failing":false,"failureDetails":[],"failureMessages":[],"fullName":"POST /api/auth/signin - Validation (No Mocking) should return 500 when JWT_SECRET is missing in signin","invocations":1,"location":null,"numPassingAsserts":3,"retryReasons":[],"startAt":1764391027393,"status":"passed","title":"should return 500 when JWT_SECRET is missing in signin"},{"ancestorTitles":["POST /api/auth/signin - Validation (No Mocking)"],"duration":11,"failing":false,"failureDetails":[],"failureMessages":[],"fullName":"POST /api/auth/signin - Validation (No Mocking) should successfully sign in existing user and return JWT token","invocations":1,"location":null,"numPassingAsserts":6,"retryReasons":[],"startAt":1764391027400,"status":"passed","title":"should successfully sign in existing user and return JWT token"},{"ancestorTitles":["POST /api/auth/signin - Validation (No Mocking)"],"duration":3,"failing":false,"failureDetails":[],"failureMessages":[],"fullName":"POST /api/auth/signin - Validation (No Mocking) should handle errors in signin catch block and call next(error)","invocations":1,"location":null,"numPassingAsserts":3,"retryReasons":[],"startAt":1764391027412,"status":"passed","title":"should handle errors in signin catch block and call next(error)"},{"ancestorTitles":["POST /api/auth/signin - Validation (No Mocking)"],"duration":14,"failing":false,"failureDetails":[],"failureMessages":[],"fullName":"POST /api/auth/signin - Validation (No Mocking) should update profile picture when user has empty profile picture and Google provides one","invocations":1,"location":null,"numPassingAsserts":4,"retryReasons":[],"startAt":1764391027415,"status":"passed","title":"should update profile picture when user has empty profile picture and Google provides one"},{"ancestorTitles":["POST /api/auth/signin - Validation (No Mocking)"],"duration":9,"failing":false,"failureDetails":[],"failureMessages":[],"fullName":"POST /api/auth/signin - Validation (No Mocking) should update profile picture when user has undefined profile picture and Google provides one","invocations":1,"location":null,"numPassingAsserts":4,"retryReasons":[],"startAt":1764391027429,"status":"passed","title":"should update profile picture when user has undefined profile picture and Google provides one"},{"ancestorTitles":["POST /api/auth/signin - Validation (No Mocking)"],"duration":8,"failing":false,"failureDetails":[],"failureMessages":[],"fullName":"POST /api/auth/signin - Validation (No Mocking) should skip profile picture conversion when googleData.picture is missing","invocations":1,"location":null,"numPassingAsserts":2,"retryReasons":[],"startAt":1764391027438,"status":"passed","title":"should skip profile picture conversion when googleData.picture is missing"},{"ancestorTitles":["POST /api/auth/signin - Validation (No Mocking)"],"duration":9,"failing":false,"failureDetails":[],"failureMessages":[],"fullName":"POST /api/auth/signin - Validation (No Mocking) should keep existing profile picture when user has one and Google provides picture","invocations":1,"location":null,"numPassingAsserts":3,"retryReasons":[],"startAt":1764391027446,"status":"passed","title":"should keep existing profile picture when user has one and Google provides picture"},{"ancestorTitles":["POST /api/auth/google - Validation (No Mocking)"],"duration":1,"failing":false,"failureDetails":[],"failureMessages":[],"fullName":"POST /api/auth/google - Validation (No Mocking) should return 400 when idToken is missing in googleAuth","invocations":1,"location":null,"numPassingAsserts":3,"retryReasons":[],"startAt":1764391027455,"status":"passed","title":"should return 400 when idToken is missing in googleAuth"},{"ancestorTitles":["POST /api/auth/google - Validation (No Mocking)"],"duration":621,"failing":false,"failureDetails":[],"failureMessages":[],"fullName":"POST /api/auth/google - Validation (No Mocking) should return 401 when Google token payload is invalid (missing sub)","invocations":1,"location":null,"numPassingAsserts":1,"retryReasons":[],"startAt":1764391027457,"status":"passed","title":"should return 401 when Google token payload is invalid (missing sub)"},{"ancestorTitles":["POST /api/auth/google - Validation (No Mocking)"],"duration":621,"failing":false,"failureDetails":[],"failureMessages":[],"fullName":"POST /api/auth/google - Validation (No Mocking) should return 401 when Google token payload is invalid (missing email)","invocations":1,"location":null,"numPassingAsserts":1,"retryReasons":[],"startAt":1764391028078,"status":"passed","title":"should return 401 when Google token payload is invalid (missing email)"},{"ancestorTitles":["POST /api/auth/google - Validation (No Mocking)"],"duration":28,"failing":false,"failureDetails":[],"failureMessages":[],"fullName":"POST /api/auth/google - Validation (No Mocking) should return 500 when JWT_SECRET is missing in googleAuth","invocations":1,"location":null,"numPassingAsserts":3,"retryReasons":[],"startAt":1764391028700,"status":"passed","title":"should return 500 when JWT_SECRET is missing in googleAuth"},{"ancestorTitles":["POST /api/auth/google - Validation (No Mocking)"],"duration":12,"failing":false,"failureDetails":[],"failureMessages":[],"fullName":"POST /api/auth/google - Validation (No Mocking) should use fallback \"User\" when name is missing in googleAuth","invocations":1,"location":null,"numPassingAsserts":5,"retryReasons":[],"startAt":1764391028729,"status":"passed","title":"should use fallback \"User\" when name is missing in googleAuth"},{"ancestorTitles":["POST /api/auth/google - Validation (No Mocking)"],"duration":16,"failing":false,"failureDetails":[],"failureMessages":[],"fullName":"POST /api/auth/google - Validation (No Mocking) should use empty string fallback when picture is missing in googleAuth","invocations":1,"location":null,"numPassingAsserts":5,"retryReasons":[],"startAt":1764391028741,"status":"passed","title":"should use empty string fallback when picture is missing in googleAuth"},{"ancestorTitles":["POST /api/auth/google - Validation (No Mocking)"],"duration":613,"failing":false,"failureDetails":[],"failureMessages":[],"fullName":"POST /api/auth/google - Validation (No Mocking) should return 401 when Google token payload is null","invocations":1,"location":null,"numPassingAsserts":1,"retryReasons":[],"startAt":1764391028757,"status":"passed","title":"should return 401 when Google token payload is null"},{"ancestorTitles":["POST /api/auth/google - Validation (No Mocking)"],"duration":13,"failing":false,"failureDetails":[],"failureMessages":[],"fullName":"POST /api/auth/google - Validation (No Mocking) should create new user when not found","invocations":1,"location":null,"numPassingAsserts":6,"retryReasons":[],"startAt":1764391029370,"status":"passed","title":"should create new user when not found"},{"ancestorTitles":["POST /api/auth/google - Validation (No Mocking)"],"duration":22,"failing":false,"failureDetails":[],"failureMessages":[],"fullName":"POST /api/auth/google - Validation (No Mocking) should create new user when not found and update existing user status when found","invocations":1,"location":null,"numPassingAsserts":9,"retryReasons":[],"startAt":1764391029383,"status":"passed","title":"should create new user when not found and update existing user status when found"},{"ancestorTitles":["POST /api/auth/logout - No Mocking"],"duration":7,"failing":false,"failureDetails":[],"failureMessages":[],"fullName":"POST /api/auth/logout - No Mocking should return 200 and logout user successfully","invocations":1,"location":null,"numPassingAsserts":3,"retryReasons":[],"startAt":1764391029405,"status":"passed","title":"should return 200 and logout user successfully"},{"ancestorTitles":["POST /api/auth/logout - No Mocking"],"duration":2,"failing":false,"failureDetails":[],"failureMessages":[],"fullName":"POST /api/auth/logout - No Mocking should return 401 without authentication token","invocations":1,"location":null,"numPassingAsserts":1,"retryReasons":[],"startAt":1764391029412,"status":"passed","title":"should return 401 without authentication token"},{"ancestorTitles":["POST /api/auth/logout - No Mocking"],"duration":2,"failing":false,"failureDetails":[],"failureMessages":[],"fullName":"POST /api/auth/logout - No Mocking should return 200 even if user not found","invocations":1,"location":null,"numPassingAsserts":1,"retryReasons":[],"startAt":1764391029414,"status":"passed","title":"should return 200 even if user not found"},{"ancestorTitles":["Auth Middleware - Error Handling via Auth Endpoints"],"duration":4,"failing":false,"failureDetails":[],"failureMessages":[],"fullName":"Auth Middleware - Error Handling via Auth Endpoints should return 500 when JWT_SECRET is missing in authMiddleware","invocations":1,"location":null,"numPassingAsserts":3,"retryReasons":[],"startAt":1764391029416,"status":"passed","title":"should return 500 when JWT_SECRET is missing in authMiddleware"},{"ancestorTitles":["Auth Middleware - Error Handling via Auth Endpoints"],"duration":2,"failing":false,"failureDetails":[],"failureMessages":[],"fullName":"Auth Middleware - Error Handling via Auth Endpoints should return 401 with Invalid token message for JsonWebTokenError","invocations":1,"location":null,"numPassingAsserts":3,"retryReasons":[],"startAt":1764391029420,"status":"passed","title":"should return 401 with Invalid token message for JsonWebTokenError"},{"ancestorTitles":["Auth Middleware - Error Handling via Auth Endpoints"],"duration":2,"failing":false,"failureDetails":[],"failureMessages":[],"fullName":"Auth Middleware - Error Handling via Auth Endpoints should return 401 with Token expired message for TokenExpiredError","invocations":1,"location":null,"numPassingAsserts":3,"retryReasons":[],"startAt":1764391029422,"status":"passed","title":"should return 401 with Token expired message for TokenExpiredError"},{"ancestorTitles":["GET /api/auth/verify - No Mocking"],"duration":2,"failing":false,"failureDetails":[],"failureMessages":[],"fullName":"GET /api/auth/verify - No Mocking should return 200 and user info with valid token","invocations":1,"location":null,"numPassingAsserts":8,"retryReasons":[],"startAt":1764391029424,"status":"passed","title":"should return 200 and user info with valid token"},{"ancestorTitles":["GET /api/auth/verify - No Mocking"],"duration":3,"failing":false,"failureDetails":[],"failureMessages":[],"fullName":"GET /api/auth/verify - No Mocking should return 401 without authentication token","invocations":1,"location":null,"numPassingAsserts":1,"retryReasons":[],"startAt":1764391029427,"status":"passed","title":"should return 401 without authentication token"},{"ancestorTitles":["GET /api/auth/verify - No Mocking"],"duration":3,"failing":false,"failureDetails":[],"failureMessages":[],"fullName":"GET /api/auth/verify - No Mocking should return 404 when user not found in verify","invocations":1,"location":null,"numPassingAsserts":3,"retryReasons":[],"startAt":1764391029430,"status":"passed","title":"should return 404 when user not found in verify"},{"ancestorTitles":["POST /api/auth/fcm-token - No Mocking"],"duration":7,"failing":false,"failureDetails":[],"failureMessages":[],"fullName":"POST /api/auth/fcm-token - No Mocking should return 200 and update FCM token successfully","invocations":1,"location":null,"numPassingAsserts":3,"retryReasons":[],"startAt":1764391029433,"status":"passed","title":"should return 200 and update FCM token successfully"},{"ancestorTitles":["POST /api/auth/fcm-token - No Mocking"],"duration":2,"failing":false,"failureDetails":[],"failureMessages":[],"fullName":"POST /api/auth/fcm-token - No Mocking should return 400 when fcmToken is missing","invocations":1,"location":null,"numPassingAsserts":3,"retryReasons":[],"startAt":1764391029440,"status":"passed","title":"should return 400 when fcmToken is missing"},{"ancestorTitles":["POST /api/auth/fcm-token - No Mocking"],"duration":1,"failing":false,"failureDetails":[],"failureMessages":[],"fullName":"POST /api/auth/fcm-token - No Mocking should return 401 without authentication token","invocations":1,"location":null,"numPassingAsserts":1,"retryReasons":[],"startAt":1764391029442,"status":"passed","title":"should return 401 without authentication token"},{"ancestorTitles":["POST /api/auth/fcm-token - No Mocking"],"duration":4,"failing":false,"failureDetails":[],"failureMessages":[],"fullName":"POST /api/auth/fcm-token - No Mocking should return 404 when user not found in updateFCMToken","invocations":1,"location":null,"numPassingAsserts":3,"retryReasons":[],"startAt":1764391029443,"status":"passed","title":"should return 404 when user not found in updateFCMToken"},{"ancestorTitles":["DELETE /api/auth/account - No Mocking"],"duration":5,"failing":false,"failureDetails":[],"failureMessages":[],"fullName":"DELETE /api/auth/account - No Mocking should return 200 and delete account successfully","invocations":1,"location":null,"numPassingAsserts":3,"retryReasons":[],"startAt":1764391029447,"status":"passed","title":"should return 200 and delete account successfully"},{"ancestorTitles":["DELETE /api/auth/account - No Mocking"],"duration":3,"failing":false,"failureDetails":[],"failureMessages":[],"fullName":"DELETE /api/auth/account - No Mocking should return 400 when user is in a room","invocations":1,"location":null,"numPassingAsserts":3,"retryReasons":[],"startAt":1764391029452,"status":"passed","title":"should return 400 when user is in a room"},{"ancestorTitles":["DELETE /api/auth/account - No Mocking"],"duration":2,"failing":false,"failureDetails":[],"failureMessages":[],"fullName":"DELETE /api/auth/account - No Mocking should return 400 when user is in a group","invocations":1,"location":null,"numPassingAsserts":2,"retryReasons":[],"startAt":1764391029455,"status":"passed","title":"should return 400 when user is in a group"},{"ancestorTitles":["DELETE /api/auth/account - No Mocking"],"duration":1,"failing":false,"failureDetails":[],"failureMessages":[],"fullName":"DELETE /api/auth/account - No Mocking should return 401 without authentication token","invocations":1,"location":null,"numPassingAsserts":1,"retryReasons":[],"startAt":1764391029457,"status":"passed","title":"should return 401 without authentication token"},{"ancestorTitles":["DELETE /api/auth/account - No Mocking"],"duration":3,"failing":false,"failureDetails":[],"failureMessages":[],"fullName":"DELETE /api/auth/account - No Mocking should return 404 when user not found in deleteAccount","invocations":1,"location":null,"numPassingAsserts":3,"retryReasons":[],"startAt":1764391029458,"status":"passed","title":"should return 404 when user not found in deleteAccount"}],"endTime":1764391029486,"message":"","name":"/Users/hashim/Desktop/Development/FeastFriends/321-project/backend/tests/no-mocks/auth.test.ts","startTime":1764391026307,"status":"passed","summary":""},{"assertionResults":[{"ancestorTitles":["POST /api/matching/join - No Mocking"],"duration":62,"failing":false,"failureDetails":[],"failureMessages":[],"fullName":"POST /api/matching/join - No Mocking should create new room when no matching rooms exist and update user preferences","invocations":1,"location":null,"numPassingAsserts":18,"retryReasons":[],"startAt":1764391030299,"status":"passed","title":"should create new room when no matching rooms exist and update user preferences"},{"ancestorTitles":["POST /api/matching/join - No Mocking"],"duration":44,"failing":false,"failureDetails":[],"failureMessages":[],"fullName":"POST /api/matching/join - No Mocking should join existing room with matching preferences","invocations":1,"location":null,"numPassingAsserts":6,"retryReasons":[],"startAt":1764391030361,"status":"passed","title":"should join existing room with matching preferences"},{"ancestorTitles":["POST /api/matching/join - No Mocking"],"duration":96,"failing":false,"failureDetails":[],"failureMessages":[],"fullName":"POST /api/matching/join - No Mocking should create group when room reaches MAX_MEMBERS (covers matchingService lines 169, 260-304)","invocations":1,"location":null,"numPassingAsserts":32,"retryReasons":[],"startAt":1764391030405,"status":"passed","title":"should create group when room reaches MAX_MEMBERS (covers matchingService lines 169, 260-304)"},{"ancestorTitles":["POST /api/matching/join - No Mocking"],"duration":20,"failing":false,"failureDetails":[],"failureMessages":[],"fullName":"POST /api/matching/join - No Mocking should return 401 without authentication","invocations":1,"location":null,"numPassingAsserts":1,"retryReasons":[],"startAt":1764391030501,"status":"passed","title":"should return 401 without authentication"},{"ancestorTitles":["POST /api/matching/join - No Mocking"],"duration":33,"failing":false,"failureDetails":[],"failureMessages":[],"fullName":"POST /api/matching/join - No Mocking should return 200 with new roomId when no good match found (covers matchingService lines 69-70)","invocations":1,"location":null,"numPassingAsserts":4,"retryReasons":[],"startAt":1764391030521,"status":"passed","title":"should return 200 with new roomId when no good match found (covers matchingService lines 69-70)"},{"ancestorTitles":["POST /api/matching/join - No Mocking"],"duration":43,"failing":false,"failureDetails":[],"failureMessages":[],"fullName":"POST /api/matching/join - No Mocking should allow user to rejoin matching when already in room","invocations":1,"location":null,"numPassingAsserts":4,"retryReasons":[],"startAt":1764391030555,"status":"passed","title":"should allow user to rejoin matching when already in room"},{"ancestorTitles":["POST /api/matching/join - No Mocking"],"duration":37,"failing":false,"failureDetails":[],"failureMessages":[],"fullName":"POST /api/matching/join - No Mocking should return 500 when user already in group","invocations":1,"location":null,"numPassingAsserts":2,"retryReasons":[],"startAt":1764391030599,"status":"passed","title":"should return 500 when user already in group"},{"ancestorTitles":["POST /api/matching/join - No Mocking"],"duration":25,"failing":false,"failureDetails":[],"failureMessages":[],"fullName":"POST /api/matching/join - No Mocking should use user.preference fallback when cuisine not provided","invocations":1,"location":null,"numPassingAsserts":2,"retryReasons":[],"startAt":1764391030636,"status":"passed","title":"should use user.preference fallback when cuisine not provided"},{"ancestorTitles":["POST /api/matching/join - No Mocking"],"duration":49,"failing":false,"failureDetails":[],"failureMessages":[],"fullName":"POST /api/matching/join - No Mocking should use default cuisines when users have no preferences","invocations":1,"location":null,"numPassingAsserts":1,"retryReasons":[],"startAt":1764391030661,"status":"passed","title":"should use default cuisines when users have no preferences"},{"ancestorTitles":["POST /api/matching/join - No Mocking"],"duration":36,"failing":false,"failureDetails":[],"failureMessages":[],"fullName":"POST /api/matching/join - No Mocking should use user.budget fallback when budget not provided (covers matchingService line 105)","invocations":1,"location":null,"numPassingAsserts":2,"retryReasons":[],"startAt":1764391030710,"status":"passed","title":"should use user.budget fallback when budget not provided (covers matchingService line 105)"},{"ancestorTitles":["POST /api/matching/join - No Mocking"],"duration":31,"failing":false,"failureDetails":[],"failureMessages":[],"fullName":"POST /api/matching/join - No Mocking should use default budget 50 when budget not provided and user has no budget (covers matchingService line 105)","invocations":1,"location":null,"numPassingAsserts":2,"retryReasons":[],"startAt":1764391030746,"status":"passed","title":"should use default budget 50 when budget not provided and user has no budget (covers matchingService line 105)"},{"ancestorTitles":["POST /api/matching/join - No Mocking"],"duration":29,"failing":false,"failureDetails":[],"failureMessages":[],"fullName":"POST /api/matching/join - No Mocking should use user.radiusKm fallback when radiusKm not provided (covers matchingService line 106)","invocations":1,"location":null,"numPassingAsserts":2,"retryReasons":[],"startAt":1764391030777,"status":"passed","title":"should use user.radiusKm fallback when radiusKm not provided (covers matchingService line 106)"},{"ancestorTitles":["POST /api/matching/join - No Mocking"],"duration":23,"failing":false,"failureDetails":[],"failureMessages":[],"fullName":"POST /api/matching/join - No Mocking should use default radiusKm 5 when radiusKm not provided and user has no radiusKm (covers matchingService line 106)","invocations":1,"location":null,"numPassingAsserts":2,"retryReasons":[],"startAt":1764391030806,"status":"passed","title":"should use default radiusKm 5 when radiusKm not provided and user has no radiusKm (covers matchingService line 106)"},{"ancestorTitles":["POST /api/matching/join - No Mocking"],"duration":27,"failing":false,"failureDetails":[],"failureMessages":[],"fullName":"POST /api/matching/join - No Mocking should use empty array for cuisines when user.preference is empty (covers matchingService line 121)","invocations":1,"location":null,"numPassingAsserts":2,"retryReasons":[],"startAt":1764391030829,"status":"passed","title":"should use empty array for cuisines when user.preference is empty (covers matchingService line 121)"},{"ancestorTitles":["POST /api/matching/join/:roomId - No Mocking"],"duration":25,"failing":false,"failureDetails":[],"failureMessages":[],"fullName":"POST /api/matching/join/:roomId - No Mocking should return 501 Not Implemented","invocations":1,"location":null,"numPassingAsserts":2,"retryReasons":[],"startAt":1764391030856,"status":"passed","title":"should return 501 Not Implemented"},{"ancestorTitles":["PUT /api/matching/leave/:roomId - No Mocking"],"duration":37,"failing":false,"failureDetails":[],"failureMessages":[],"fullName":"PUT /api/matching/leave/:roomId - No Mocking should successfully leave room and delete room when last member leaves","invocations":1,"location":null,"numPassingAsserts":12,"retryReasons":[],"startAt":1764391030881,"status":"passed","title":"should successfully leave room and delete room when last member leaves"},{"ancestorTitles":["PUT /api/matching/leave/:roomId - No Mocking"],"duration":26,"failing":false,"failureDetails":[],"failureMessages":[],"fullName":"PUT /api/matching/leave/:roomId - No Mocking should handle leaving non-existent room gracefully","invocations":1,"location":null,"numPassingAsserts":3,"retryReasons":[],"startAt":1764391030919,"status":"passed","title":"should handle leaving non-existent room gracefully"},{"ancestorTitles":["GET /api/matching/status/:roomId - No Mocking"],"duration":23,"failing":false,"failureDetails":[],"failureMessages":[],"fullName":"GET /api/matching/status/:roomId - No Mocking should return room status for valid roomId","invocations":1,"location":null,"numPassingAsserts":7,"retryReasons":[],"startAt":1764391030945,"status":"passed","title":"should return room status for valid roomId"},{"ancestorTitles":["GET /api/matching/status/:roomId - No Mocking"],"duration":22,"failing":false,"failureDetails":[],"failureMessages":[],"fullName":"GET /api/matching/status/:roomId - No Mocking should return 500 for non-existent room","invocations":1,"location":null,"numPassingAsserts":2,"retryReasons":[],"startAt":1764391030969,"status":"passed","title":"should return 500 for non-existent room"},{"ancestorTitles":["GET /api/matching/users/:roomId - No Mocking"],"duration":23,"failing":false,"failureDetails":[],"failureMessages":[],"fullName":"GET /api/matching/users/:roomId - No Mocking should return list of users in room","invocations":1,"location":null,"numPassingAsserts":4,"retryReasons":[],"startAt":1764391030991,"status":"passed","title":"should return list of users in room"},{"ancestorTitles":["GET /api/matching/users/:roomId - No Mocking"],"duration":20,"failing":false,"failureDetails":[],"failureMessages":[],"fullName":"GET /api/matching/users/:roomId - No Mocking should return 500 when room not found in getRoomUsers (covers matchingService lines 338-339)","invocations":1,"location":null,"numPassingAsserts":2,"retryReasons":[],"startAt":1764391031014,"status":"passed","title":"should return 500 when room not found in getRoomUsers (covers matchingService lines 338-339)"},{"ancestorTitles":["POST /api/matching/join - Location-Based Matching"],"duration":28,"failing":false,"failureDetails":[],"failureMessages":[],"fullName":"POST /api/matching/join - Location-Based Matching should match user with nearby room based on location","invocations":1,"location":null,"numPassingAsserts":6,"retryReasons":[],"startAt":1764391031034,"status":"passed","title":"should match user with nearby room based on location"},{"ancestorTitles":["POST /api/matching/join - Location-Based Matching"],"duration":28,"failing":false,"failureDetails":[],"failureMessages":[],"fullName":"POST /api/matching/join - Location-Based Matching should reject rooms that are too far away","invocations":1,"location":null,"numPassingAsserts":4,"retryReasons":[],"startAt":1764391031063,"status":"passed","title":"should reject rooms that are too far away"},{"ancestorTitles":["POST /api/matching/join - Location-Based Matching"],"duration":26,"failing":false,"failureDetails":[],"failureMessages":[],"fullName":"POST /api/matching/join - Location-Based Matching should reject rooms without location data when user has location","invocations":1,"location":null,"numPassingAsserts":2,"retryReasons":[],"startAt":1764391031091,"status":"passed","title":"should reject rooms without location data when user has location"},{"ancestorTitles":["POST /api/matching/join - Location-Based Matching"],"duration":33,"failing":false,"failureDetails":[],"failureMessages":[],"fullName":"POST /api/matching/join - Location-Based Matching should skip location filtering when user has no location","invocations":1,"location":null,"numPassingAsserts":2,"retryReasons":[],"startAt":1764391031117,"status":"passed","title":"should skip location filtering when user has no location"},{"ancestorTitles":["POST /api/matching/join - Location-Based Matching"],"duration":27,"failing":false,"failureDetails":[],"failureMessages":[],"fullName":"POST /api/matching/join - Location-Based Matching should prefer closer rooms when scoring","invocations":1,"location":null,"numPassingAsserts":2,"retryReasons":[],"startAt":1764391031150,"status":"passed","title":"should prefer closer rooms when scoring"},{"ancestorTitles":["POST /api/matching/join - Location-Based Matching"],"duration":36,"failing":false,"failureDetails":[],"failureMessages":[],"fullName":"POST /api/matching/join - Location-Based Matching should create new room with user location when no matches found","invocations":1,"location":null,"numPassingAsserts":3,"retryReasons":[],"startAt":1764391031177,"status":"passed","title":"should create new room with user location when no matches found"},{"ancestorTitles":["POST /api/matching/join - Location-Based Matching"],"duration":32,"failing":false,"failureDetails":[],"failureMessages":[],"fullName":"POST /api/matching/join - Location-Based Matching should update room average location when user joins","invocations":1,"location":null,"numPassingAsserts":5,"retryReasons":[],"startAt":1764391031213,"status":"passed","title":"should update room average location when user joins"}],"endTime":1764391031274,"message":"","name":"/Users/hashim/Desktop/Development/FeastFriends/321-project/backend/tests/no-mocks/matching.test.ts","startTime":1764391029490,"status":"passed","summary":""},{"assertionResults":[{"ancestorTitles":["GET /api/group/status - No Mocking"],"duration":12,"failing":false,"failureDetails":[],"failureMessages":[],"fullName":"GET /api/group/status - No Mocking Should return 200 and group status for user in a group","invocations":1,"location":null,"numPassingAsserts":12,"retryReasons":[],"startAt":1764391032092,"status":"passed","title":"Should return 200 and group status for user in a group"},{"ancestorTitles":["GET /api/group/status - No Mocking"],"duration":6,"failing":false,"failureDetails":[],"failureMessages":[],"fullName":"GET /api/group/status - No Mocking should return 404 when user is not in a group","invocations":1,"location":null,"numPassingAsserts":4,"retryReasons":[],"startAt":1764391032104,"status":"passed","title":"should return 404 when user is not in a group"},{"ancestorTitles":["GET /api/group/status - No Mocking"],"duration":5,"failing":false,"failureDetails":[],"failureMessages":[],"fullName":"GET /api/group/status - No Mocking should return 401 without authentication token","invocations":1,"location":null,"numPassingAsserts":2,"retryReasons":[],"startAt":1764391032110,"status":"passed","title":"should return 401 without authentication token"},{"ancestorTitles":["GET /api/group/status - No Mocking"],"duration":4,"failing":false,"failureDetails":[],"failureMessages":[],"fullName":"GET /api/group/status - No Mocking should return 401 with invalid token","invocations":1,"location":null,"numPassingAsserts":1,"retryReasons":[],"startAt":1764391032115,"status":"passed","title":"should return 401 with invalid token"},{"ancestorTitles":["GET /api/group/status - No Mocking"],"duration":25,"failing":false,"failureDetails":[],"failureMessages":[],"fullName":"GET /api/group/status - No Mocking should return group status with restaurant selected","invocations":1,"location":null,"numPassingAsserts":5,"retryReasons":[],"startAt":1764391032119,"status":"passed","title":"should return group status with restaurant selected"},{"ancestorTitles":["GET /api/group/status - No Mocking"],"duration":26,"failing":false,"failureDetails":[],"failureMessages":[],"fullName":"GET /api/group/status - No Mocking should return 500 when group is deleted between getGroupByUserId and getGroupStatus (covers groupService line 15)","invocations":1,"location":null,"numPassingAsserts":2,"retryReasons":[],"startAt":1764391032144,"status":"passed","title":"should return 500 when group is deleted between getGroupByUserId and getGroupStatus (covers groupService line 15)"},{"ancestorTitles":["POST /api/group/leave/:groupId - No Mocking"],"duration":17,"failing":false,"failureDetails":[],"failureMessages":[],"fullName":"POST /api/group/leave/:groupId - No Mocking should return 200 and successfully leave a group","invocations":1,"location":null,"numPassingAsserts":9,"retryReasons":[],"startAt":1764391032170,"status":"passed","title":"should return 200 and successfully leave a group"},{"ancestorTitles":["POST /api/group/leave/:groupId - No Mocking"],"duration":10,"failing":false,"failureDetails":[],"failureMessages":[],"fullName":"POST /api/group/leave/:groupId - No Mocking should return 500 when group not found in leaveGroup","invocations":1,"location":null,"numPassingAsserts":2,"retryReasons":[],"startAt":1764391032187,"status":"passed","title":"should return 500 when group not found in leaveGroup"},{"ancestorTitles":["POST /api/group/leave/:groupId - No Mocking"],"duration":8,"failing":false,"failureDetails":[],"failureMessages":[],"fullName":"POST /api/group/leave/:groupId - No Mocking should return 500 when user not found","invocations":1,"location":null,"numPassingAsserts":2,"retryReasons":[],"startAt":1764391032197,"status":"passed","title":"should return 500 when user not found"},{"ancestorTitles":["POST /api/group/leave/:groupId - No Mocking"],"duration":12,"failing":false,"failureDetails":[],"failureMessages":[],"fullName":"POST /api/group/leave/:groupId - No Mocking should delete group and restaurant data when last member leaves","invocations":1,"location":null,"numPassingAsserts":2,"retryReasons":[],"startAt":1764391032205,"status":"passed","title":"should delete group and restaurant data when last member leaves"},{"ancestorTitles":["POST /api/group/leave/:groupId - No Mocking"],"duration":16,"failing":false,"failureDetails":[],"failureMessages":[],"fullName":"POST /api/group/leave/:groupId - No Mocking should preserve restaurant data when member leaves (group not deleted)","invocations":1,"location":null,"numPassingAsserts":9,"retryReasons":[],"startAt":1764391032217,"status":"passed","title":"should preserve restaurant data when member leaves (group not deleted)"},{"ancestorTitles":["POST /api/group/leave/:groupId - No Mocking"],"duration":15,"failing":false,"failureDetails":[],"failureMessages":[],"fullName":"POST /api/group/leave/:groupId - No Mocking should verify restaurant field remains after completionTime if not cleared","invocations":1,"location":null,"numPassingAsserts":4,"retryReasons":[],"startAt":1764391032233,"status":"passed","title":"should verify restaurant field remains after completionTime if not cleared"},{"ancestorTitles":["POST /api/group/vote/:groupId - Sequential Voting (No Mocking)"],"duration":14,"failing":false,"failureDetails":[],"failureMessages":[],"fullName":"POST /api/group/vote/:groupId - Sequential Voting (No Mocking) should return 400 when vote is a string instead of boolean","invocations":1,"location":null,"numPassingAsserts":3,"retryReasons":[],"startAt":1764391032248,"status":"passed","title":"should return 400 when vote is a string instead of boolean"},{"ancestorTitles":["POST /api/group/vote/:groupId - Sequential Voting (No Mocking)"],"duration":12,"failing":false,"failureDetails":[],"failureMessages":[],"fullName":"POST /api/group/vote/:groupId - Sequential Voting (No Mocking) should return 400 when vote field is missing","invocations":1,"location":null,"numPassingAsserts":2,"retryReasons":[],"startAt":1764391032262,"status":"passed","title":"should return 400 when vote field is missing"},{"ancestorTitles":["POST /api/group/vote/:groupId - Sequential Voting (No Mocking)"],"duration":12,"failing":false,"failureDetails":[],"failureMessages":[],"fullName":"POST /api/group/vote/:groupId - Sequential Voting (No Mocking) should return 400 when vote is a number","invocations":1,"location":null,"numPassingAsserts":2,"retryReasons":[],"startAt":1764391032274,"status":"passed","title":"should return 400 when vote is a number"},{"ancestorTitles":["POST /api/group/vote/:groupId - Sequential Voting (No Mocking)"],"duration":14,"failing":false,"failureDetails":[],"failureMessages":[],"fullName":"POST /api/group/vote/:groupId - Sequential Voting (No Mocking) should return 500 when group not found","invocations":1,"location":null,"numPassingAsserts":2,"retryReasons":[],"startAt":1764391032286,"status":"passed","title":"should return 500 when group not found"},{"ancestorTitles":["POST /api/group/vote/:groupId - Sequential Voting (No Mocking)"],"duration":20,"failing":false,"failureDetails":[],"failureMessages":[],"fullName":"POST /api/group/vote/:groupId - Sequential Voting (No Mocking) should return 500 when user is not a member of the group","invocations":1,"location":null,"numPassingAsserts":2,"retryReasons":[],"startAt":1764391032300,"status":"passed","title":"should return 500 when user is not a member of the group"},{"ancestorTitles":["POST /api/group/vote/:groupId - Sequential Voting (No Mocking)"],"duration":9,"failing":false,"failureDetails":[],"failureMessages":[],"fullName":"POST /api/group/vote/:groupId - Sequential Voting (No Mocking) should return 500 when restaurant already selected","invocations":1,"location":null,"numPassingAsserts":2,"retryReasons":[],"startAt":1764391032320,"status":"passed","title":"should return 500 when restaurant already selected"},{"ancestorTitles":["POST /api/group/vote/:groupId - Sequential Voting (No Mocking)"],"duration":9,"failing":false,"failureDetails":[],"failureMessages":[],"fullName":"POST /api/group/vote/:groupId - Sequential Voting (No Mocking) should return 500 when no active voting round","invocations":1,"location":null,"numPassingAsserts":2,"retryReasons":[],"startAt":1764391032330,"status":"passed","title":"should return 500 when no active voting round"},{"ancestorTitles":["POST /api/group/vote/:groupId - Sequential Voting (No Mocking)"],"duration":20,"failing":false,"failureDetails":[],"failureMessages":[],"fullName":"POST /api/group/vote/:groupId - Sequential Voting (No Mocking) should successfully submit yes vote and emit socket events","invocations":1,"location":null,"numPassingAsserts":5,"retryReasons":[],"startAt":1764391032339,"status":"passed","title":"should successfully submit yes vote and emit socket events"},{"ancestorTitles":["POST /api/group/vote/:groupId - Sequential Voting (No Mocking)"],"duration":18,"failing":false,"failureDetails":[],"failureMessages":[],"fullName":"POST /api/group/vote/:groupId - Sequential Voting (No Mocking) should successfully submit no vote","invocations":1,"location":null,"numPassingAsserts":3,"retryReasons":[],"startAt":1764391032360,"status":"passed","title":"should successfully submit no vote"},{"ancestorTitles":["POST /api/group/vote/:groupId - Sequential Voting (No Mocking)"],"duration":29,"failing":false,"failureDetails":[],"failureMessages":[],"fullName":"POST /api/group/vote/:groupId - Sequential Voting (No Mocking) should allow user to change their vote from yes to no","invocations":1,"location":null,"numPassingAsserts":6,"retryReasons":[],"startAt":1764391032378,"status":"passed","title":"should allow user to change their vote from yes to no"},{"ancestorTitles":["POST /api/group/vote/:groupId - Sequential Voting (No Mocking)"],"duration":33,"failing":false,"failureDetails":[],"failureMessages":[],"fullName":"POST /api/group/vote/:groupId - Sequential Voting (No Mocking) should allow user to change their vote from no to yes","invocations":1,"location":null,"numPassingAsserts":5,"retryReasons":[],"startAt":1764391032407,"status":"passed","title":"should allow user to change their vote from no to yes"},{"ancestorTitles":["POST /api/group/vote/:groupId - Sequential Voting (No Mocking)"],"duration":25,"failing":false,"failureDetails":[],"failureMessages":[],"fullName":"POST /api/group/vote/:groupId - Sequential Voting (No Mocking) should detect majority yes and select restaurant (2 member group)","invocations":1,"location":null,"numPassingAsserts":7,"retryReasons":[],"startAt":1764391032440,"status":"passed","title":"should detect majority yes and select restaurant (2 member group)"},{"ancestorTitles":["POST /api/group/vote/:groupId - Sequential Voting (No Mocking)"],"duration":105,"failing":false,"failureDetails":[],"failureMessages":[],"fullName":"POST /api/group/vote/:groupId - Sequential Voting (No Mocking) should detect majority no and move to next restaurant","invocations":1,"location":null,"numPassingAsserts":9,"retryReasons":[],"startAt":1764391032465,"status":"passed","title":"should detect majority no and move to next restaurant"},{"ancestorTitles":["POST /api/group/vote/:groupId - Sequential Voting (No Mocking)"],"duration":20,"failing":false,"failureDetails":[],"failureMessages":[],"fullName":"POST /api/group/vote/:groupId - Sequential Voting (No Mocking) should require unanimous agreement for 2-member group","invocations":1,"location":null,"numPassingAsserts":3,"retryReasons":[],"startAt":1764391032570,"status":"passed","title":"should require unanimous agreement for 2-member group"},{"ancestorTitles":["POST /api/group/vote/:groupId - Sequential Voting (No Mocking)"],"duration":33,"failing":false,"failureDetails":[],"failureMessages":[],"fullName":"POST /api/group/vote/:groupId - Sequential Voting (No Mocking) should use 50%+1 majority for 3-member groups","invocations":1,"location":null,"numPassingAsserts":3,"retryReasons":[],"startAt":1764391032590,"status":"passed","title":"should use 50%+1 majority for 3-member groups"},{"ancestorTitles":["Sequential Voting Routes - No Mocking (/api/groups)"],"duration":16,"failing":false,"failureDetails":[],"failureMessages":[],"fullName":"Sequential Voting Routes - No Mocking (/api/groups) should initialize sequential voting and return first restaurant","invocations":1,"location":null,"numPassingAsserts":10,"retryReasons":[],"startAt":1764391032623,"status":"passed","title":"should initialize sequential voting and return first restaurant"},{"ancestorTitles":["Sequential Voting Routes - No Mocking (/api/groups)"],"duration":19,"failing":false,"failureDetails":[],"failureMessages":[],"fullName":"Sequential Voting Routes - No Mocking (/api/groups) should submit sequential vote via /api/groups/:groupId/voting/vote","invocations":1,"location":null,"numPassingAsserts":6,"retryReasons":[],"startAt":1764391032639,"status":"passed","title":"should submit sequential vote via /api/groups/:groupId/voting/vote"},{"ancestorTitles":["Sequential Voting Routes - No Mocking (/api/groups)"],"duration":16,"failing":false,"failureDetails":[],"failureMessages":[],"fullName":"Sequential Voting Routes - No Mocking (/api/groups) should get current sequential voting round status","invocations":1,"location":null,"numPassingAsserts":7,"retryReasons":[],"startAt":1764391032658,"status":"passed","title":"should get current sequential voting round status"},{"ancestorTitles":["POST /api/group/initialize-voting/:groupId - No Mocking"],"duration":2,"failing":false,"failureDetails":[],"failureMessages":[],"fullName":"POST /api/group/initialize-voting/:groupId - No Mocking should return 404 when endpoint not implemented","invocations":1,"location":null,"numPassingAsserts":0,"retryReasons":[],"startAt":1764391032675,"status":"passed","title":"should return 404 when endpoint not implemented"},{"ancestorTitles":["GET /api/group/voting/:groupId - No Mocking"],"duration":3,"failing":false,"failureDetails":[],"failureMessages":[],"fullName":"GET /api/group/voting/:groupId - No Mocking should return 404 when endpoint not implemented","invocations":1,"location":null,"numPassingAsserts":0,"retryReasons":[],"startAt":1764391032677,"status":"passed","title":"should return 404 when endpoint not implemented"},{"ancestorTitles":["Group Model Virtual Properties and toJSON Transform - API Tests"],"duration":11,"failing":false,"failureDetails":[],"failureMessages":[],"fullName":"Group Model Virtual Properties and toJSON Transform - API Tests should access groupId virtual property through GET /api/group/status response","invocations":1,"location":null,"numPassingAsserts":4,"retryReasons":[],"startAt":1764391032680,"status":"passed","title":"should access groupId virtual property through GET /api/group/status response"},{"ancestorTitles":["Group Model Virtual Properties and toJSON Transform - API Tests"],"duration":11,"failing":false,"failureDetails":[],"failureMessages":[],"fullName":"Group Model Virtual Properties and toJSON Transform - API Tests should use toJSON transform to include groupId and exclude _id and __v in GET /api/group/status","invocations":1,"location":null,"numPassingAsserts":5,"retryReasons":[],"startAt":1764391032691,"status":"passed","title":"should use toJSON transform to include groupId and exclude _id and __v in GET /api/group/status"},{"ancestorTitles":["Group Model Virtual Properties and toJSON Transform - API Tests"],"duration":13,"failing":false,"failureDetails":[],"failureMessages":[],"fullName":"Group Model Virtual Properties and toJSON Transform - API Tests should access groupId virtual property when group has restaurant selected","invocations":1,"location":null,"numPassingAsserts":5,"retryReasons":[],"startAt":1764391032702,"status":"passed","title":"should access groupId virtual property when group has restaurant selected"},{"ancestorTitles":["Group Model Virtual Properties and toJSON Transform - API Tests"],"duration":4,"failing":false,"failureDetails":[],"failureMessages":[],"fullName":"Group Model Virtual Properties and toJSON Transform - API Tests should verify groupId virtual matches _id.toString() when accessing directly from model","invocations":1,"location":null,"numPassingAsserts":3,"retryReasons":[],"startAt":1764391032715,"status":"passed","title":"should verify groupId virtual matches _id.toString() when accessing directly from model"},{"ancestorTitles":["Group Model Virtual Properties and toJSON Transform - API Tests"],"duration":5,"failing":false,"failureDetails":[],"failureMessages":[],"fullName":"Group Model Virtual Properties and toJSON Transform - API Tests should verify toJSON transform works when calling toJSON() directly","invocations":1,"location":null,"numPassingAsserts":5,"retryReasons":[],"startAt":1764391032719,"status":"passed","title":"should verify toJSON transform works when calling toJSON() directly"},{"ancestorTitles":["Group Model Virtual Properties and toJSON Transform - API Tests"],"duration":12,"failing":false,"failureDetails":[],"failureMessages":[],"fullName":"Group Model Virtual Properties and toJSON Transform - API Tests should verify toObject includes virtuals but preserves _id","invocations":1,"location":null,"numPassingAsserts":4,"retryReasons":[],"startAt":1764391032724,"status":"passed","title":"should verify toObject includes virtuals but preserves _id"}],"endTime":1764391032772,"message":"","name":"/Users/hashim/Desktop/Development/FeastFriends/321-project/backend/tests/no-mocks/group.test.ts","startTime":1764391031277,"status":"passed","summary":""},{"assertionResults":[{"ancestorTitles":["GET /api/user/profile/:ids - No Mocking"],"duration":7,"failing":false,"failureDetails":[],"failureMessages":[],"fullName":"GET /api/user/profile/:ids - No Mocking should return 200 and user profiles for valid IDs","invocations":1,"location":null,"numPassingAsserts":6,"retryReasons":[],"startAt":1764391033530,"status":"passed","title":"should return 200 and user profiles for valid IDs"},{"ancestorTitles":["GET /api/user/profile/:ids - No Mocking"],"duration":3,"failing":false,"failureDetails":[],"failureMessages":[],"fullName":"GET /api/user/profile/:ids - No Mocking should return 200 with empty array for non-existent IDs","invocations":1,"location":null,"numPassingAsserts":3,"retryReasons":[],"startAt":1764391033537,"status":"passed","title":"should return 200 with empty array for non-existent IDs"},{"ancestorTitles":["GET /api/user/profile/:ids - No Mocking"],"duration":4,"failing":false,"failureDetails":[],"failureMessages":[],"fullName":"GET /api/user/profile/:ids - No Mocking should handle single and multiple IDs correctly","invocations":1,"location":null,"numPassingAsserts":5,"retryReasons":[],"startAt":1764391033540,"status":"passed","title":"should handle single and multiple IDs correctly"},{"ancestorTitles":["GET /api/user/profile/:ids - No Mocking"],"duration":10,"failing":false,"failureDetails":[],"failureMessages":[],"fullName":"GET /api/user/profile/:ids - No Mocking should return 400 for invalid MongoDB ObjectId format","invocations":1,"location":null,"numPassingAsserts":2,"retryReasons":[],"startAt":1764391033544,"status":"passed","title":"should return 400 for invalid MongoDB ObjectId format"},{"ancestorTitles":["GET /api/user/settings - No Mocking"],"duration":5,"failing":false,"failureDetails":[],"failureMessages":[],"fullName":"GET /api/user/settings - No Mocking should return 200 and user settings with valid authentication","invocations":1,"location":null,"numPassingAsserts":6,"retryReasons":[],"startAt":1764391033554,"status":"passed","title":"should return 200 and user settings with valid authentication"},{"ancestorTitles":["GET /api/user/settings - No Mocking"],"duration":2,"failing":false,"failureDetails":[],"failureMessages":[],"fullName":"GET /api/user/settings - No Mocking should return 401 without authentication token","invocations":1,"location":null,"numPassingAsserts":3,"retryReasons":[],"startAt":1764391033559,"status":"passed","title":"should return 401 without authentication token"},{"ancestorTitles":["GET /api/user/settings - No Mocking"],"duration":1,"failing":false,"failureDetails":[],"failureMessages":[],"fullName":"GET /api/user/settings - No Mocking should return 401 with invalid token","invocations":1,"location":null,"numPassingAsserts":2,"retryReasons":[],"startAt":1764391033561,"status":"passed","title":"should return 401 with invalid token"},{"ancestorTitles":["GET /api/user/settings - No Mocking"],"duration":1,"failing":false,"failureDetails":[],"failureMessages":[],"fullName":"GET /api/user/settings - No Mocking should return 401 with expired token","invocations":1,"location":null,"numPassingAsserts":2,"retryReasons":[],"startAt":1764391033562,"status":"passed","title":"should return 401 with expired token"},{"ancestorTitles":["GET /api/user/settings - No Mocking"],"duration":6,"failing":false,"failureDetails":[],"failureMessages":[],"fullName":"GET /api/user/settings - No Mocking should return 500 when user not found in database","invocations":1,"location":null,"numPassingAsserts":2,"retryReasons":[],"startAt":1764391033563,"status":"passed","title":"should return 500 when user not found in database"},{"ancestorTitles":["POST /api/user/profile - No Mocking"],"duration":7,"failing":false,"failureDetails":[],"failureMessages":[],"fullName":"POST /api/user/profile - No Mocking should create/update profile with valid data","invocations":1,"location":null,"numPassingAsserts":6,"retryReasons":[],"startAt":1764391033569,"status":"passed","title":"should create/update profile with valid data"},{"ancestorTitles":["POST /api/user/profile - No Mocking"],"duration":5,"failing":false,"failureDetails":[],"failureMessages":[],"fullName":"POST /api/user/profile - No Mocking should update profilePicture directly in createUserProfile (covers userService line 101)","invocations":1,"location":null,"numPassingAsserts":3,"retryReasons":[],"startAt":1764391033576,"status":"passed","title":"should update profilePicture directly in createUserProfile (covers userService line 101)"},{"ancestorTitles":["POST /api/user/profile - No Mocking"],"duration":4,"failing":false,"failureDetails":[],"failureMessages":[],"fullName":"POST /api/user/profile - No Mocking should handle partial updates correctly","invocations":1,"location":null,"numPassingAsserts":3,"retryReasons":[],"startAt":1764391033581,"status":"passed","title":"should handle partial updates correctly"},{"ancestorTitles":["POST /api/user/profile - No Mocking"],"duration":7,"failing":false,"failureDetails":[],"failureMessages":[],"fullName":"POST /api/user/profile - No Mocking should handle empty body","invocations":1,"location":null,"numPassingAsserts":1,"retryReasons":[],"startAt":1764391033585,"status":"passed","title":"should handle empty body"},{"ancestorTitles":["POST /api/user/settings - No Mocking"],"duration":8,"failing":false,"failureDetails":[],"failureMessages":[],"fullName":"POST /api/user/settings - No Mocking should update settings with full data","invocations":1,"location":null,"numPassingAsserts":6,"retryReasons":[],"startAt":1764391033592,"status":"passed","title":"should update settings with full data"},{"ancestorTitles":["POST /api/user/settings - No Mocking"],"duration":7,"failing":false,"failureDetails":[],"failureMessages":[],"fullName":"POST /api/user/settings - No Mocking should update settings with partial data","invocations":1,"location":null,"numPassingAsserts":3,"retryReasons":[],"startAt":1764391033600,"status":"passed","title":"should update settings with partial data"},{"ancestorTitles":["POST /api/user/settings - No Mocking"],"duration":12,"failing":false,"failureDetails":[],"failureMessages":[],"fullName":"POST /api/user/settings - No Mocking should update contactNumber, budget, and radiusKm in updateUserSettings (covers userService lines 149-151)","invocations":1,"location":null,"numPassingAsserts":7,"retryReasons":[],"startAt":1764391033607,"status":"passed","title":"should update contactNumber, budget, and radiusKm in updateUserSettings (covers userService lines 149-151)"},{"ancestorTitles":["POST /api/user/settings - No Mocking"],"duration":9,"failing":false,"failureDetails":[],"failureMessages":[],"fullName":"POST /api/user/settings - No Mocking should successfully convert Google profile picture to Base64 in updateUserSettings (covers userService lines 22-29)","invocations":1,"location":null,"numPassingAsserts":4,"retryReasons":[],"startAt":1764391033619,"status":"passed","title":"should successfully convert Google profile picture to Base64 in updateUserSettings (covers userService lines 22-29)"},{"ancestorTitles":["POST /api/user/settings - No Mocking"],"duration":9,"failing":false,"failureDetails":[],"failureMessages":[],"fullName":"POST /api/user/settings - No Mocking should use image/png fallback when content-type header is missing (covers userService line 24)","invocations":1,"location":null,"numPassingAsserts":3,"retryReasons":[],"startAt":1764391033628,"status":"passed","title":"should use image/png fallback when content-type header is missing (covers userService line 24)"},{"ancestorTitles":["PUT /api/user/profile - No Mocking"],"duration":5,"failing":false,"failureDetails":[],"failureMessages":[],"fullName":"PUT /api/user/profile - No Mocking should update profile with full data","invocations":1,"location":null,"numPassingAsserts":4,"retryReasons":[],"startAt":1764391033637,"status":"passed","title":"should update profile with full data"},{"ancestorTitles":["PUT /api/user/profile - No Mocking"],"duration":5,"failing":false,"failureDetails":[],"failureMessages":[],"fullName":"PUT /api/user/profile - No Mocking should update profile with partial data","invocations":1,"location":null,"numPassingAsserts":2,"retryReasons":[],"startAt":1764391033642,"status":"passed","title":"should update profile with partial data"},{"ancestorTitles":["PUT /api/user/profile - No Mocking"],"duration":5,"failing":false,"failureDetails":[],"failureMessages":[],"fullName":"PUT /api/user/profile - No Mocking should update contactNumber, budget, and radiusKm in updateUserProfile (covers userService lines 188-190)","invocations":1,"location":null,"numPassingAsserts":5,"retryReasons":[],"startAt":1764391033648,"status":"passed","title":"should update contactNumber, budget, and radiusKm in updateUserProfile (covers userService lines 188-190)"},{"ancestorTitles":["PUT /api/user/profile - No Mocking"],"duration":5,"failing":false,"failureDetails":[],"failureMessages":[],"fullName":"PUT /api/user/profile - No Mocking should successfully convert Google profile picture to Base64 (covers userService lines 22-29)","invocations":1,"location":null,"numPassingAsserts":4,"retryReasons":[],"startAt":1764391033653,"status":"passed","title":"should successfully convert Google profile picture to Base64 (covers userService lines 22-29)"},{"ancestorTitles":["PUT /api/user/profile - No Mocking"],"duration":4,"failing":false,"failureDetails":[],"failureMessages":[],"fullName":"PUT /api/user/profile - No Mocking should handle non-Google profile picture URL (covers convertGoogleProfilePictureToBase64 early return)","invocations":1,"location":null,"numPassingAsserts":3,"retryReasons":[],"startAt":1764391033658,"status":"passed","title":"should handle non-Google profile picture URL (covers convertGoogleProfilePictureToBase64 early return)"},{"ancestorTitles":["DELETE /api/user/:userId - No Mocking"],"duration":2,"failing":false,"failureDetails":[],"failureMessages":[],"fullName":"DELETE /api/user/:userId - No Mocking should return 403 when trying to delete different user","invocations":1,"location":null,"numPassingAsserts":4,"retryReasons":[],"startAt":1764391033662,"status":"passed","title":"should return 403 when trying to delete different user"},{"ancestorTitles":["DELETE /api/user/:userId - No Mocking"],"duration":3,"failing":false,"failureDetails":[],"failureMessages":[],"fullName":"DELETE /api/user/:userId - No Mocking should return 500 when user is in a waiting room","invocations":1,"location":null,"numPassingAsserts":2,"retryReasons":[],"startAt":1764391033664,"status":"passed","title":"should return 500 when user is in a waiting room"},{"ancestorTitles":["DELETE /api/user/:userId - No Mocking"],"duration":6,"failing":false,"failureDetails":[],"failureMessages":[],"fullName":"DELETE /api/user/:userId - No Mocking should return 500 when user is in a group","invocations":1,"location":null,"numPassingAsserts":2,"retryReasons":[],"startAt":1764391033667,"status":"passed","title":"should return 500 when user is in a group"},{"ancestorTitles":["DELETE /api/user/:userId - No Mocking"],"duration":13,"failing":false,"failureDetails":[],"failureMessages":[],"fullName":"DELETE /api/user/:userId - No Mocking should successfully delete user not in room or group","invocations":1,"location":null,"numPassingAsserts":5,"retryReasons":[],"startAt":1764391033673,"status":"passed","title":"should successfully delete user not in room or group"},{"ancestorTitles":["DELETE /api/user/:userId - No Mocking"],"duration":4,"failing":false,"failureDetails":[],"failureMessages":[],"fullName":"DELETE /api/user/:userId - No Mocking should return 500 when trying to delete non-existent user","invocations":1,"location":null,"numPassingAsserts":2,"retryReasons":[],"startAt":1764391033686,"status":"passed","title":"should return 500 when trying to delete non-existent user"},{"ancestorTitles":["User Model Virtual Properties - API Tests"],"duration":2,"failing":false,"failureDetails":[],"failureMessages":[],"fullName":"User Model Virtual Properties - API Tests should access userId virtual property through API response","invocations":1,"location":null,"numPassingAsserts":3,"retryReasons":[],"startAt":1764391033690,"status":"passed","title":"should access userId virtual property through API response"},{"ancestorTitles":["User Model Virtual Properties - API Tests"],"duration":14,"failing":false,"failureDetails":[],"failureMessages":[],"fullName":"User Model Virtual Properties - API Tests should use toJSON transform to include userId and exclude _id and __v","invocations":1,"location":null,"numPassingAsserts":5,"retryReasons":[],"startAt":1764391033692,"status":"passed","title":"should use toJSON transform to include userId and exclude _id and __v"}],"endTime":1764391033715,"message":"","name":"/Users/hashim/Desktop/Development/FeastFriends/321-project/backend/tests/no-mocks/user.test.ts","startTime":1764391032776,"status":"passed","summary":""},{"assertionResults":[{"ancestorTitles":["Group Model - Unit Tests","Virtual Properties"],"duration":10,"failing":false,"failureDetails":[],"failureMessages":[],"fullName":"Group Model - Unit Tests Virtual Properties groupId virtual should return _id.toString()","invocations":1,"location":null,"numPassingAsserts":2,"retryReasons":[],"startAt":1764391034423,"status":"passed","title":"groupId virtual should return _id.toString()"},{"ancestorTitles":["Group Model - Unit Tests","Virtual Properties"],"duration":4,"failing":false,"failureDetails":[],"failureMessages":[],"fullName":"Group Model - Unit Tests Virtual Properties groupId virtual should work on fresh document from database","invocations":1,"location":null,"numPassingAsserts":3,"retryReasons":[],"startAt":1764391034433,"status":"passed","title":"groupId virtual should work on fresh document from database"},{"ancestorTitles":["Group Model - Unit Tests","toJSON Transform"],"duration":6,"failing":false,"failureDetails":[],"failureMessages":[],"fullName":"Group Model - Unit Tests toJSON Transform toJSON should include groupId and exclude _id and __v","invocations":1,"location":null,"numPassingAsserts":6,"retryReasons":[],"startAt":1764391034437,"status":"passed","title":"toJSON should include groupId and exclude _id and __v"},{"ancestorTitles":["Group Model - Unit Tests","toJSON Transform"],"duration":4,"failing":false,"failureDetails":[],"failureMessages":[],"fullName":"Group Model - Unit Tests toJSON Transform toJSON should preserve all other fields","invocations":1,"location":null,"numPassingAsserts":11,"retryReasons":[],"startAt":1764391034443,"status":"passed","title":"toJSON should preserve all other fields"},{"ancestorTitles":["Group Model - Unit Tests","toJSON Transform"],"duration":4,"failing":false,"failureDetails":[],"failureMessages":[],"fullName":"Group Model - Unit Tests toJSON Transform toJSON should work with sequential voting fields","invocations":1,"location":null,"numPassingAsserts":10,"retryReasons":[],"startAt":1764391034447,"status":"passed","title":"toJSON should work with sequential voting fields"},{"ancestorTitles":["Group Model - Unit Tests","getBestRestaurantFromHistory()"],"duration":2,"failing":false,"failureDetails":[],"failureMessages":[],"fullName":"Group Model - Unit Tests getBestRestaurantFromHistory() should return first restaurant from pool when votingHistoryDetailed is empty","invocations":1,"location":null,"numPassingAsserts":3,"retryReasons":[],"startAt":1764391034451,"status":"passed","title":"should return first restaurant from pool when votingHistoryDetailed is empty"},{"ancestorTitles":["Group Model - Unit Tests","getBestRestaurantFromHistory()"],"duration":2,"failing":false,"failureDetails":[],"failureMessages":[],"fullName":"Group Model - Unit Tests getBestRestaurantFromHistory() should return null when both votingHistoryDetailed and restaurantPool are empty","invocations":1,"location":null,"numPassingAsserts":1,"retryReasons":[],"startAt":1764391034453,"status":"passed","title":"should return null when both votingHistoryDetailed and restaurantPool are empty"},{"ancestorTitles":["Group Model - Unit Tests","getBestRestaurantFromHistory()"],"duration":3,"failing":false,"failureDetails":[],"failureMessages":[],"fullName":"Group Model - Unit Tests getBestRestaurantFromHistory() should return restaurant with most yes votes from votingHistoryDetailed","invocations":1,"location":null,"numPassingAsserts":3,"retryReasons":[],"startAt":1764391034455,"status":"passed","title":"should return restaurant with most yes votes from votingHistoryDetailed"},{"ancestorTitles":["Group Model - Unit Tests","getBestRestaurantFromHistory()"],"duration":4,"failing":false,"failureDetails":[],"failureMessages":[],"fullName":"Group Model - Unit Tests getBestRestaurantFromHistory() should return first restaurant from pool when all entries have 0 yes votes","invocations":1,"location":null,"numPassingAsserts":3,"retryReasons":[],"startAt":1764391034458,"status":"passed","title":"should return first restaurant from pool when all entries have 0 yes votes"},{"ancestorTitles":["Group Model - Unit Tests","getBestRestaurantFromHistory()"],"duration":3,
[...]
artAt":1764391042918,"status":"passed","title":"findByCode() should return non-expired codes"},{"ancestorTitles":["Credibility Models - Integration Tests","CredibilityCode - Expiration Tests"],"duration":7,"failing":false,"failureDetails":[],"failureMessages":[],"fullName":"Credibility Models - Integration Tests CredibilityCode - Expiration Tests findActiveCode() should not return expired codes","invocations":1,"location":null,"numPassingAsserts":1,"retryReasons":[],"startAt":1764391042922,"status":"passed","title":"findActiveCode() should not return expired codes"},{"ancestorTitles":["Credibility Models - Integration Tests","CredibilityCode - Expiration Tests"],"duration":4,"failing":false,"failureDetails":[],"failureMessages":[],"fullName":"Credibility Models - Integration Tests CredibilityCode - Expiration Tests findActiveCode() should return non-expired codes","invocations":1,"location":null,"numPassingAsserts":2,"retryReasons":[],"startAt":1764391042929,"status":"passed","title":"findActiveCode() should return non-expired codes"},{"ancestorTitles":["Credibility Models - Integration Tests","CredibilityCode - verify() method"],"duration":8,"failing":false,"failureDetails":[],"failureMessages":[],"fullName":"Credibility Models - Integration Tests CredibilityCode - verify() method verify() should add verifierId when not already verified","invocations":1,"location":null,"numPassingAsserts":3,"retryReasons":[],"startAt":1764391042934,"status":"passed","title":"verify() should add verifierId when not already verified"},{"ancestorTitles":["Credibility Models - Integration Tests","CredibilityCode - verify() method"],"duration":5,"failing":false,"failureDetails":[],"failureMessages":[],"fullName":"Credibility Models - Integration Tests CredibilityCode - verify() method verify() should not add duplicate verifierId when already verified","invocations":1,"location":null,"numPassingAsserts":4,"retryReasons":[],"startAt":1764391042943,"status":"passed","title":"verify() should not add duplicate verifierId when already verified"},{"ancestorTitles":["Credibility Models - Integration Tests","CredibilityCode - verify() method"],"duration":4,"failing":false,"failureDetails":[],"failureMessages":[],"fullName":"Credibility Models - Integration Tests CredibilityCode - verify() method verify() should allow multiple different verifiers","invocations":1,"location":null,"numPassingAsserts":3,"retryReasons":[],"startAt":1764391042948,"status":"passed","title":"verify() should allow multiple different verifiers"}],"endTime":1764391042957,"message":"","name":"/Users/hashim/Desktop/Development/FeastFriends/321-project/backend/tests/units/credibility.unit.test.ts","startTime":1764391041917,"status":"passed","summary":""},{"assertionResults":[{"ancestorTitles":["User Controller Type Guards"],"duration":1,"failing":false,"failureDetails":[],"failureMessages":[],"fullName":"User Controller Type Guards getUserSettings should return 401 when req.user is undefined","invocations":1,"location":null,"numPassingAsserts":3,"retryReasons":[],"startAt":1764391043669,"status":"passed","title":"getUserSettings should return 401 when req.user is undefined"},{"ancestorTitles":["User Controller Type Guards"],"duration":0,"failing":false,"failureDetails":[],"failureMessages":[],"fullName":"User Controller Type Guards createUserProfile should return 401 when req.user is undefined","invocations":1,"location":null,"numPassingAsserts":3,"retryReasons":[],"startAt":1764391043670,"status":"passed","title":"createUserProfile should return 401 when req.user is undefined"},{"ancestorTitles":["User Controller Type Guards"],"duration":1,"failing":false,"failureDetails":[],"failureMessages":[],"fullName":"User Controller Type Guards updateUserSettings should return 401 when req.user is undefined","invocations":1,"location":null,"numPassingAsserts":3,"retryReasons":[],"startAt":1764391043670,"status":"passed","title":"updateUserSettings should return 401 when req.user is undefined"},{"ancestorTitles":["User Controller Type Guards"],"duration":0,"failing":false,"failureDetails":[],"failureMessages":[],"fullName":"User Controller Type Guards updateUserProfile should return 401 when req.user is undefined","invocations":1,"location":null,"numPassingAsserts":3,"retryReasons":[],"startAt":1764391043671,"status":"passed","title":"updateUserProfile should return 401 when req.user is undefined"},{"ancestorTitles":["User Controller Type Guards"],"duration":1,"failing":false,"failureDetails":[],"failureMessages":[],"fullName":"User Controller Type Guards deleteUser should return 401 when req.user is undefined","invocations":1,"location":null,"numPassingAsserts":3,"retryReasons":[],"startAt":1764391043671,"status":"passed","title":"deleteUser should return 401 when req.user is undefined"},{"ancestorTitles":["Group Controller Type Guards"],"duration":0,"failing":false,"failureDetails":[],"failureMessages":[],"fullName":"Group Controller Type Guards getGroupStatus should return 401 when req.user is undefined","invocations":1,"location":null,"numPassingAsserts":3,"retryReasons":[],"startAt":1764391043680,"status":"passed","title":"getGroupStatus should return 401 when req.user is undefined"},{"ancestorTitles":["Group Controller Type Guards"],"duration":20,"failing":false,"failureDetails":[],"failureMessages":[],"fullName":"Group Controller Type Guards getGroupStatus should return 200 with group status when user is in a group","invocations":1,"location":null,"numPassingAsserts":3,"retryReasons":[],"startAt":1764391043680,"status":"passed","title":"getGroupStatus should return 200 with group status when user is in a group"},{"ancestorTitles":["Group Controller Type Guards"],"duration":0,"failing":false,"failureDetails":[],"failureMessages":[],"fullName":"Group Controller Type Guards voteForRestaurant should return 401 when req.user is undefined","invocations":1,"location":null,"numPassingAsserts":3,"retryReasons":[],"startAt":1764391043700,"status":"passed","title":"voteForRestaurant should return 401 when req.user is undefined"},{"ancestorTitles":["Group Controller Type Guards"],"duration":0,"failing":false,"failureDetails":[],"failureMessages":[],"fullName":"Group Controller Type Guards voteForRestaurant should return 400 when vote is not a boolean","invocations":1,"location":null,"numPassingAsserts":3,"retryReasons":[],"startAt":1764391043701,"status":"passed","title":"voteForRestaurant should return 400 when vote is not a boolean"},{"ancestorTitles":["Group Controller Type Guards"],"duration":0,"failing":false,"failureDetails":[],"failureMessages":[],"fullName":"Group Controller Type Guards voteForRestaurant should return 400 when vote is undefined","invocations":1,"location":null,"numPassingAsserts":3,"retryReasons":[],"startAt":1764391043701,"status":"passed","title":"voteForRestaurant should return 400 when vote is undefined"},{"ancestorTitles":["Group Controller Type Guards"],"duration":1,"failing":false,"failureDetails":[],"failureMessages":[],"fullName":"Group Controller Type Guards voteForRestaurant should return 400 when vote is a number","invocations":1,"location":null,"numPassingAsserts":3,"retryReasons":[],"startAt":1764391043701,"status":"passed","title":"voteForRestaurant should return 400 when vote is a number"},{"ancestorTitles":["Group Controller Type Guards"],"duration":0,"failing":false,"failureDetails":[],"failureMessages":[],"fullName":"Group Controller Type Guards voteForRestaurant should return 200 when vote is valid boolean","invocations":1,"location":null,"numPassingAsserts":3,"retryReasons":[],"startAt":1764391043702,"status":"passed","title":"voteForRestaurant should return 200 when vote is valid boolean"},{"ancestorTitles":["Group Controller Type Guards"],"duration":1,"failing":false,"failureDetails":[],"failureMessages":[],"fullName":"Group Controller Type Guards leaveGroup should return 200 when successfully leaving group","invocations":1,"location":null,"numPassingAsserts":3,"retryReasons":[],"startAt":1764391043702,"status":"passed","title":"leaveGroup should return 200 when successfully leaving group"},{"ancestorTitles":["Group Controller Type Guards"],"duration":0,"failing":false,"failureDetails":[],"failureMessages":[],"fullName":"Group Controller Type Guards leaveGroup should return 401 when req.user is undefined","invocations":1,"location":null,"numPassingAsserts":3,"retryReasons":[],"startAt":1764391043703,"status":"passed","title":"leaveGroup should return 401 when req.user is undefined"},{"ancestorTitles":["Matching Controller Type Guards"],"duration":0,"failing":false,"failureDetails":[],"failureMessages":[],"fullName":"Matching Controller Type Guards joinMatching should return 401 when req.user is undefined","invocations":1,"location":null,"numPassingAsserts":3,"retryReasons":[],"startAt":1764391043712,"status":"passed","title":"joinMatching should return 401 when req.user is undefined"},{"ancestorTitles":["Matching Controller Type Guards"],"duration":1,"failing":false,"failureDetails":[],"failureMessages":[],"fullName":"Matching Controller Type Guards leaveRoom should return 401 when req.user is undefined","invocations":1,"location":null,"numPassingAsserts":3,"retryReasons":[],"startAt":1764391043712,"status":"passed","title":"leaveRoom should return 401 when req.user is undefined"},{"ancestorTitles":["Credibility Controller Type Guards"],"duration":0,"failing":false,"failureDetails":[],"failureMessages":[],"fullName":"Credibility Controller Type Guards generateCode should return 401 when req.user is undefined","invocations":1,"location":null,"numPassingAsserts":3,"retryReasons":[],"startAt":1764391043713,"status":"passed","title":"generateCode should return 401 when req.user is undefined"},{"ancestorTitles":["Credibility Controller Type Guards"],"duration":1,"failing":false,"failureDetails":[],"failureMessages":[],"fullName":"Credibility Controller Type Guards verifyCode should return 401 when req.user is undefined","invocations":1,"location":null,"numPassingAsserts":3,"retryReasons":[],"startAt":1764391043713,"status":"passed","title":"verifyCode should return 401 when req.user is undefined"},{"ancestorTitles":["Credibility Controller Type Guards"],"duration":0,"failing":false,"failureDetails":[],"failureMessages":[],"fullName":"Credibility Controller Type Guards deductScore should return 401 when req.user is undefined","invocations":1,"location":null,"numPassingAsserts":3,"retryReasons":[],"startAt":1764391043714,"status":"passed","title":"deductScore should return 401 when req.user is undefined"}],"endTime":1764391043715,"message":"","name":"/Users/hashim/Desktop/Development/FeastFriends/321-project/backend/tests/no-mocks/userGuard.test.ts","startTime":1764391042962,"status":"passed","summary":""},{"assertionResults":[{"ancestorTitles":["GET /api/restaurant/search - No Mocking"],"duration":2,"failing":false,"failureDetails":[],"failureMessages":[],"fullName":"GET /api/restaurant/search - No Mocking should return 200 and search results with valid coordinates","invocations":1,"location":null,"numPassingAsserts":7,"retryReasons":[],"startAt":1764391044419,"status":"passed","title":"should return 200 and search results with valid coordinates"},{"ancestorTitles":["GET /api/restaurant/search - No Mocking"],"duration":1,"failing":false,"failureDetails":[],"failureMessages":[],"fullName":"GET /api/restaurant/search - No Mocking should return 400 when latitude is missing","invocations":1,"location":null,"numPassingAsserts":4,"retryReasons":[],"startAt":1764391044422,"status":"passed","title":"should return 400 when latitude is missing"},{"ancestorTitles":["GET /api/restaurant/search - No Mocking"],"duration":1,"failing":false,"failureDetails":[],"failureMessages":[],"fullName":"GET /api/restaurant/search - No Mocking should return 400 when longitude is missing","invocations":1,"location":null,"numPassingAsserts":3,"retryReasons":[],"startAt":1764391044423,"status":"passed","title":"should return 400 when longitude is missing"},{"ancestorTitles":["GET /api/restaurant/search - No Mocking"],"duration":1,"failing":false,"failureDetails":[],"failureMessages":[],"fullName":"GET /api/restaurant/search - No Mocking should accept optional query parameters (radius, cuisineTypes, priceLevel)","invocations":1,"location":null,"numPassingAsserts":2,"retryReasons":[],"startAt":1764391044424,"status":"passed","title":"should accept optional query parameters (radius, cuisineTypes, priceLevel)"},{"ancestorTitles":["GET /api/restaurant/search - No Mocking"],"duration":0,"failing":false,"failureDetails":[],"failureMessages":[],"fullName":"GET /api/restaurant/search - No Mocking should work without authentication (optional auth)","invocations":1,"location":null,"numPassingAsserts":2,"retryReasons":[],"startAt":1764391044426,"status":"passed","title":"should work without authentication (optional auth)"},{"ancestorTitles":["GET /api/restaurant/:restaurantId - No Mocking"],"duration":1,"failing":false,"failureDetails":[],"failureMessages":[],"fullName":"GET /api/restaurant/:restaurantId - No Mocking should return 200 and restaurant details for valid ID","invocations":1,"location":null,"numPassingAsserts":7,"retryReasons":[],"startAt":1764391044427,"status":"passed","title":"should return 200 and restaurant details for valid ID"},{"ancestorTitles":["GET /api/restaurant/:restaurantId - No Mocking"],"duration":0,"failing":false,"failureDetails":[],"failureMessages":[],"fullName":"GET /api/restaurant/:restaurantId - No Mocking should handle different restaurant IDs","invocations":1,"location":null,"numPassingAsserts":2,"retryReasons":[],"startAt":1764391044428,"status":"passed","title":"should handle different restaurant IDs"},{"ancestorTitles":["POST /api/restaurant/recommendations/:groupId - No Mocking"],"duration":6,"failing":false,"failureDetails":[],"failureMessages":[],"fullName":"POST /api/restaurant/recommendations/:groupId - No Mocking should return 200 and recommendations with valid data","invocations":1,"location":null,"numPassingAsserts":4,"retryReasons":[],"startAt":1764391044429,"status":"passed","title":"should return 200 and recommendations with valid data"},{"ancestorTitles":["POST /api/restaurant/recommendations/:groupId - No Mocking"],"duration":1,"failing":false,"failureDetails":[],"failureMessages":[],"fullName":"POST /api/restaurant/recommendations/:groupId - No Mocking should return 401 without authentication token","invocations":1,"location":null,"numPassingAsserts":1,"retryReasons":[],"startAt":1764391044435,"status":"passed","title":"should return 401 without authentication token"},{"ancestorTitles":["POST /api/restaurant/recommendations/:groupId - No Mocking"],"duration":2,"failing":false,"failureDetails":[],"failureMessages":[],"fullName":"POST /api/restaurant/recommendations/:groupId - No Mocking should return 400 when userPreferences is missing","invocations":1,"location":null,"numPassingAsserts":3,"retryReasons":[],"startAt":1764391044436,"status":"passed","title":"should return 400 when userPreferences is missing"},{"ancestorTitles":["POST /api/restaurant/recommendations/:groupId - No Mocking"],"duration":2,"failing":false,"failureDetails":[],"failureMessages":[],"fullName":"POST /api/restaurant/recommendations/:groupId - No Mocking should return 400 when userPreferences is not an array","invocations":1,"location":null,"numPassingAsserts":2,"retryReasons":[],"startAt":1764391044438,"status":"passed","title":"should return 400 when userPreferences is not an array"},{"ancestorTitles":["POST /api/restaurant/recommendations/:groupId - No Mocking"],"duration":1,"failing":false,"failureDetails":[],"failureMessages":[],"fullName":"POST /api/restaurant/recommendations/:groupId - No Mocking should handle empty userPreferences array","invocations":1,"location":null,"numPassingAsserts":1,"retryReasons":[],"startAt":1764391044440,"status":"passed","title":"should handle empty userPreferences array"},{"ancestorTitles":["POST /api/restaurant/recommendations/:groupId - No Mocking"],"duration":1,"failing":false,"failureDetails":[],"failureMessages":[],"fullName":"POST /api/restaurant/recommendations/:groupId - No Mocking should calculate average preferences from multiple users","invocations":1,"location":null,"numPassingAsserts":3,"retryReasons":[],"startAt":1764391044441,"status":"passed","title":"should calculate average preferences from multiple users"},{"ancestorTitles":["RestaurantService.getNextRestaurant - No Mocking"],"duration":1,"failing":false,"failureDetails":[],"failureMessages":[],"fullName":"RestaurantService.getNextRestaurant - No Mocking should return next unvoted restaurant from pool","invocations":1,"location":null,"numPassingAsserts":3,"retryReasons":[],"startAt":1764391044442,"status":"passed","title":"should return next unvoted restaurant from pool"},{"ancestorTitles":["RestaurantService.getNextRestaurant - No Mocking"],"duration":0,"failing":false,"failureDetails":[],"failureMessages":[],"fullName":"RestaurantService.getNextRestaurant - No Mocking should return null when all restaurants have been voted on","invocations":1,"location":null,"numPassingAsserts":1,"retryReasons":[],"startAt":1764391044443,"status":"passed","title":"should return null when all restaurants have been voted on"},{"ancestorTitles":["RestaurantService.getNextRestaurant - No Mocking"],"duration":1,"failing":false,"failureDetails":[],"failureMessages":[],"fullName":"RestaurantService.getNextRestaurant - No Mocking should filter out restaurants without restaurantId","invocations":1,"location":null,"numPassingAsserts":2,"retryReasons":[],"startAt":1764391044443,"status":"passed","title":"should filter out restaurants without restaurantId"}],"endTime":1764391044453,"message":"","name":"/Users/hashim/Desktop/Development/FeastFriends/321-project/backend/tests/no-mocks/restaurant.test.ts","startTime":1764391043720,"status":"passed","summary":""},{"assertionResults":[{"ancestorTitles":["Voting Routes Edge Cases (/api/groups)"],"duration":7,"failing":false,"failureDetails":[],"failureMessages":[],"fullName":"Voting Routes Edge Cases (/api/groups) should return 401 when req.user is missing for /:groupId/voting/vote","invocations":1,"location":null,"numPassingAsserts":2,"retryReasons":[],"startAt":1764391044568,"status":"passed","title":"should return 401 when req.user is missing for /:groupId/voting/vote"},{"ancestorTitles":["Voting Routes Edge Cases (/api/groups)"],"duration":1,"failing":false,"failureDetails":[],"failureMessages":[],"fullName":"Voting Routes Edge Cases (/api/groups) should return 401 when req.user is missing for /:groupId/voting/current","invocations":1,"location":null,"numPassingAsserts":2,"retryReasons":[],"startAt":1764391044576,"status":"passed","title":"should return 401 when req.user is missing for /:groupId/voting/current"},{"ancestorTitles":["Voting Routes Edge Cases (/api/groups)"],"duration":2,"failing":false,"failureDetails":[],"failureMessages":[],"fullName":"Voting Routes Edge Cases (/api/groups) should return 500 with fallback message when submitSequentialVote throws non-Error","invocations":1,"location":null,"numPassingAsserts":4,"retryReasons":[],"startAt":1764391044577,"status":"passed","title":"should return 500 with fallback message when submitSequentialVote throws non-Error"},{"ancestorTitles":["Voting Routes Edge Cases (/api/groups)"],"duration":1,"failing":false,"failureDetails":[],"failureMessages":[],"fullName":"Voting Routes Edge Cases (/api/groups) should return 500 when getCurrentVotingRound throws non-Error","invocations":1,"location":null,"numPassingAsserts":4,"retryReasons":[],"startAt":1764391044579,"status":"passed","title":"should return 500 when getCurrentVotingRound throws non-Error"}],"endTime":1764391044581,"message":"","name":"/Users/hashim/Desktop/Development/FeastFriends/321-project/backend/tests/with-mocks/voting.routes.mock.test.ts","startTime":1764391044456,"status":"passed","summary":""}],"wasInterrupted":false}
